<?xml version="1.0" encoding="UTF-8"?>
<!-- Generated by org.testng.reporters.JUnitReportReporter -->
<testsuite skipped="0" hostname="LAPTOP-RKT74M46" name="com.demoQA.TestCases.AlertsFramesWindowsTest" tests="2" failures="0" timestamp="2022-02-09T17:52:15 IST" time="53.779" errors="0">
  <testcase name="alerts" time="32.610" classname="com.demoQA.TestCases.AlertsFramesWindowsTest"/>
  <system-out>
    <![CDATA[User clicks on alerts frame & Windows<br/>
User clicks on Alerts<br/>
User clicks on Alert button<br/>
Alert window is displayed<br/>
User clicks on Timer alerts button<br/>
Timer alert is dispalyed<br/>
User clicks on confirm button<br/>
Confirm alert is present<br/>
Confirm Result is dispalyed<br/>
User clicks on promt button<br/>
Promt alert is displayed<br/>
Promt result is : You entered RamKumar<br/>]]>
  </system-out>
  <testcase name="browserWindows" time="21.169" classname="com.demoQA.TestCases.AlertsFramesWindowsTest"/>
  <system-out>
    <![CDATA[User clicks on alerts frame & Windows<br/>
User clicks on Browser Windows<br/>
User clicks on New Button<br/>
Title of new tab<br/>
User clicks on window button<br/>
New window is opened<br/>]]>
  </system-out>
</testsuite> <!-- com.demoQA.TestCases.AlertsFramesWindowsTest -->
