<?xml version="1.0" encoding="UTF-8"?>
<!-- Generated by org.testng.reporters.JUnitReportReporter -->
<testsuite hostname="LAPTOP-RKT74M46" failures="0" tests="2" name="com.demoQA.TestCases.ElementsTest" time="80.944" errors="0" timestamp="2022-02-09T20:21:17 IST" skipped="0">
  <testcase classname="com.demoQA.TestCases.ElementsTest" name="elementsTextBox" time="40.112"/>
  <system-out>
    <![CDATA[User clicks on Elements<br/>
User clicks on Text Box<br/>
Header message is : Text Box<br/>
User enters Full Name<br/>
User enters Email Id<br/>
User enters current address<br/>
User enters permanent address<br/>
User clicks on submit button<br/>
OutPut Message is : Name:Ramkumar
Email:ramkumardkr@gmail.com
Current Address :DNO: 7-17-345/1
Permananet Address :Mallikarjuna peta 4/1 Lane<br/>]]>
  </system-out>
  <testcase classname="com.demoQA.TestCases.ElementsTest" name="elementsCheckBox" time="40.832"/>
  <system-out>
    <![CDATA[User clicks on Elements<br/>
User clicks on Check Box<br/>
Header text is : Check Box<br/>
User clicks on Home to expand<br/>
User clicks on Desktop to expand<br/>
User clicks on Commands Check Box<br/>
User clicks on Documents to expand<br/>
User clicks on Office to expand<br/>
User clicks on General Check Box<br/>
User clicks on Excel File<br/>
Selected text is : commands<br/>]]>
  </system-out>
</testsuite> <!-- com.demoQA.TestCases.ElementsTest -->
