<?xml version="1.0" encoding="UTF-8"?>
<!-- Generated by org.testng.reporters.JUnitReportReporter -->
<testsuite skipped="0" hostname="LAPTOP-RKT74M46" name="com.demoQA.TestCases.FormsTest" tests="1" failures="0" timestamp="2022-02-09T17:52:15 IST" time="40.182" errors="0">
  <testcase name="setFormDetails" time="40.182" classname="com.demoQA.TestCases.FormsTest"/>
  <system-out>
    <![CDATA[User clicks on Forms<br/>
User clicks on practice form<br/>
User enters first name<br/>
User enters last name<br/>
User enters email id<br/>
User clicks on male gender<br/>
User enters mobile number<br/>
User selects date of birth<br/>
User enters subjects maths and english<br/>
User clicks on hobbies<br/>
User selects the picture<br/>
User enters the current address<br/>
User selects state as utter pradesh<br/>
User selects city as lucknow<br/>
User clicks on submit button<br/>
Thanks for submitting the form<br/>]]>
  </system-out>
</testsuite> <!-- com.demoQA.TestCases.FormsTest -->
